---- light / ericw-tools 2.0.0-alpha8-29-gb2f23f76 ----
LoadBSPFile: 'lab.bsp'
BSP is version Quake BSP2 bsp2
INFO: using built-in palette.
img::ConvertTextures: WARNING: invalid size data for 
img::ConvertTextures: WARNING: Texture  duplicated
img::ConvertTextures: WARNING: Texture  duplicated
img::ConvertTextures: WARNING: Texture  duplicated
img::ConvertTextures: WARNING: Texture  duplicated
img::ConvertTextures: WARNING: Texture  duplicated
img::ConvertTextures: WARNING: Texture  duplicated
img::ConvertTextures: WARNING: Texture  duplicated
img::ConvertTextures: WARNING: Texture  duplicated
img::ConvertTextures: WARNING: Texture  duplicated
img::ConvertTextures: WARNING: Texture  duplicated
img::ConvertTextures: WARNING: Texture  duplicated
img::ConvertTextures: WARNING: Texture  duplicated
img::ConvertTextures: WARNING: Texture  duplicated
img::ConvertTextures: WARNING: Texture  duplicated
img::ConvertTextures: WARNING: Texture  duplicated
img::ConvertTextures: WARNING: Texture  duplicated
img::ConvertTextures: WARNING: Texture  duplicated
img::ConvertTextures: WARNING: Texture  duplicated
Loading extended texinfo flags from lab.texinfo.json...
WARNING: entity at (1352 -696 -80) (monster_shambler) has empty key/value "target" ""
570 entities read, 269 are lights.

--- Options Summary ---
    "nocolor" was set to "1" (from command line)

DecompressAllVis: invalid visofs for leaf 0
Embree_TraceInit: Embree version: 3.12.1
Embree_TraceInit: 
	0 sky faces
	26925 solid faces
	0 filtered faces
	0 shadow-casting skip faces
SetupLights: 269 initial lights
SetupLights: 269 after surface lights
SetupLights: 269 after jittering
WARNING: couldn't nudge light out of solid at 544 440 664
WARNING: couldn't nudge light out of solid at -544 -704 304
Final count: 269 lights, 1 suns in use.
Colored light entities/settings detected: .lit output enabled.
0 surface light points in use.
lightmap size (total): 2392896
Lighting Completed.

Writing lab.lit
0 switchable light styles (32 max)
Writing lab.bsp as Quake BSP2 bsp2
1.271s seconds elapsed
0 empty lightmaps


